============================================================
  RUNG 5: GPT-2 WITH GENOME-CONTROLLED CONNECTIVITY
  354 parameters grow GPT-2.
============================================================
  Config: full
  Device: cuda
  Dtype: bfloat16
  Layers: 12, Hidden: 768, FF: 3072
  Block size: 1024, Batch: 12
  Grad accum: 40
  Tokens/iter: 491,520
  Max iters: 100,000
  Dataset: openwebtext

============================================================
  Training: genome
============================================================
  Genome params: 354
  Total params: 124,430,946
  Compiling model with torch.compile...
  Resuming from iter 30300...
  iter  30300 | train 3.1061 | val 3.1119 | lr 4.96e-04 | 9307 tok/s | hard=70.3% soft=71.9% temp=6.5
  iter  30400 | train 3.1075 | val 3.0979 | lr 4.96e-04 | 98628 tok/s | hard=70.4% soft=71.8% temp=6.5 sp=23.0552
  iter  30500 | train 3.0864 | val 3.1080 | lr 4.95e-04 | 109446 tok/s | hard=70.4% soft=71.8% temp=6.5 sp=23.0732
  iter  30600 | train 3.0983 | val 3.1119 | lr 4.94e-04 | 113557 tok/s | hard=70.4% soft=71.9% temp=6.5 sp=23.0470
  iter  30700 | train 3.0908 | val 3.1145 | lr 4.94e-04 | 115856 tok/s | hard=70.5% soft=71.9% temp=6.5 sp=23.0674
  iter  30800 | train 3.0984 | val 3.1108 | lr 4.93e-04 | 117218 tok/s | hard=70.5% soft=72.0% temp=6.5 sp=23.0678
  iter  30900 | train 3.1138 | val 3.0993 | lr 4.92e-04 | 118191 tok/s | hard=70.5% soft=71.9% temp=6.6 sp=23.0923
  iter  31000 | train 3.0959 | val 3.1122 | lr 4.91e-04 | 118886 tok/s | hard=70.6% soft=72.1% temp=6.6 sp=23.0499
  iter  31100 | train 3.0886 | val 3.1089 | lr 4.91e-04 | 119413 tok/s | hard=70.6% soft=72.1% temp=6.6 sp=23.0668
  iter  31200 | train 3.0825 | val 3.1173 | lr 4.90e-04 | 119840 tok/s | hard=70.6% soft=72.0% temp=6.6 sp=23.0625
  iter  31300 | train 3.0859 | val 3.1121 | lr 4.89e-04 | 120175 tok/s | hard=70.6% soft=72.1% temp=6.6 sp=23.0679
  iter  31400 | train 3.0881 | val 3.1114 | lr 4.89e-04 | 120474 tok/s | hard=70.6% soft=72.1% temp=6.7 sp=23.0754
  iter  31500 | train 3.1078 | val 3.1048 | lr 4.88e-04 | 120678 tok/s | hard=70.7% soft=72.1% temp=6.7 sp=23.0694
  iter  31600 | train 3.1087 | val 3.1052 | lr 4.87e-04 | 120865 tok/s | hard=70.7% soft=72.2% temp=6.7 sp=23.0841
  iter  31700 | train 3.0878 | val 3.0882 | lr 4.87e-04 | 121005 tok/s | hard=70.7% soft=72.3% temp=6.7 sp=23.0745
  iter  31800 | train 3.0925 | val 3.1063 | lr 4.86e-04 | 121054 tok/s | hard=70.7% soft=72.2% temp=6.7 sp=23.0747
  iter  31900 | train 3.1033 | val 3.1095 | lr 4.85e-04 | 121164 tok/s | hard=70.7% soft=72.3% temp=6.7 sp=23.0564
  iter  32000 | train 3.0960 | val 3.0918 | lr 4.84e-04 | 121289 tok/s | hard=70.7% soft=72.2% temp=6.8 sp=23.0513
  iter  32100 | train 3.0924 | val 3.1031 | lr 4.84e-04 | 121402 tok/s | hard=70.8% soft=72.3% temp=6.8 sp=23.0463
  iter  32200 | train 3.1003 | val 3.1025 | lr 4.83e-04 | 121504 tok/s | hard=70.8% soft=72.3% temp=6.8 sp=23.0639
  iter  32300 | train 3.1014 | val 3.1093 | lr 4.82e-04 | 121569 tok/s | hard=70.8% soft=72.3% temp=6.8 sp=23.0410
  iter  32400 | train 3.1013 | val 3.1025 | lr 4.82e-04 | 121639 tok/s | hard=70.8% soft=72.4% temp=6.8 sp=23.0463
  iter  32500 | train 3.0964 | val 3.0935 | lr 4.81e-04 | 121695 tok/s | hard=70.8% soft=72.5% temp=6.8 sp=23.0405
  iter  32600 | train 3.1031 | val 3.1095 | lr 4.80e-04 | 121738 tok/s | hard=70.8% soft=72.4% temp=6.9 sp=23.0391
  iter  32700 | train 3.0875 | val 3.1135 | lr 4.79e-04 | 121787 tok/s | hard=70.8% soft=72.5% temp=6.9 sp=23.0243
  iter  32800 | train 3.0982 | val 3.0910 | lr 4.79e-04 | 121834 tok/s | hard=70.9% soft=72.6% temp=6.9 sp=23.0407
  iter  32900 | train 3.0916 | val 3.0897 | lr 4.78e-04 | 121876 tok/s | hard=70.9% soft=72.6% temp=6.9 sp=23.0082
  iter  33000 | train 3.1020 | val 3.1042 | lr 4.77e-04 | 121932 tok/s | hard=70.9% soft=72.5% temp=6.9 sp=23.0077
  iter  33100 | train 3.1086 | val 3.0942 | lr 4.77e-04 | 121971 tok/s | hard=70.9% soft=72.5% temp=7.0 sp=23.0160
  iter  33200 | train 3.0913 | val 3.1079 | lr 4.76e-04 | 122009 tok/s | hard=70.9% soft=72.6% temp=7.0 sp=22.9949
  iter  33300 | train 3.0960 | val 3.0995 | lr 4.75e-04 | 122053 tok/s | hard=70.9% soft=72.7% temp=7.0 sp=23.0094
  iter  33400 | train 3.0867 | val 3.1084 | lr 4.74e-04 | 122078 tok/s | hard=71.0% soft=72.6% temp=7.0 sp=23.0204
  iter  33500 | train 3.0977 | val 3.1201 | lr 4.74e-04 | 122116 tok/s | hard=71.0% soft=72.7% temp=7.0 sp=23.0022
  iter  33600 | train 3.0803 | val 3.0854 | lr 4.73e-04 | 122150 tok/s | hard=71.0% soft=72.7% temp=7.0 sp=22.9941
  iter  33700 | train 3.0949 | val 3.0931 | lr 4.72e-04 | 122151 tok/s | hard=71.0% soft=72.8% temp=7.1 sp=22.9909
  iter  33800 | train 3.0942 | val 3.1019 | lr 4.71e-04 | 122182 tok/s | hard=71.0% soft=72.8% temp=7.1 sp=22.9721
  iter  33900 | train 3.0901 | val 3.0959 | lr 4.71e-04 | 122205 tok/s | hard=71.0% soft=72.8% temp=7.1 sp=22.9921
  iter  34000 | train 3.0904 | val 3.1032 | lr 4.70e-04 | 122234 tok/s | hard=71.1% soft=72.9% temp=7.1 sp=22.9795
  iter  34100 | train 3.0737 | val 3.1024 | lr 4.69e-04 | 122255 tok/s | hard=71.1% soft=72.9% temp=7.1 sp=22.9680
  iter  34200 | train 3.0857 | val 3.1082 | lr 4.68e-04 | 122276 tok/s | hard=71.1% soft=73.0% temp=7.2 sp=22.9573
  iter  34300 | train 3.0713 | val 3.1027 | lr 4.68e-04 | 122293 tok/s | hard=71.1% soft=72.9% temp=7.2 sp=22.9608
  iter  34400 | train 3.0843 | val 3.1025 | lr 4.67e-04 | 122319 tok/s | hard=71.1% soft=72.9% temp=7.2 sp=22.9702
  iter  34500 | train 3.0866 | val 3.1003 | lr 4.66e-04 | 122332 tok/s | hard=71.1% soft=72.9% temp=7.2 sp=22.9655
  iter  34600 | train 3.0939 | val 3.0889 | lr 4.65e-04 | 122352 tok/s | hard=71.1% soft=73.0% temp=7.2 sp=22.9558
  iter  34700 | train 3.0915 | val 3.1012 | lr 4.65e-04 | 122369 tok/s | hard=71.1% soft=72.9% temp=7.2 sp=22.9558
  iter  34800 | train 3.0817 | val 3.1044 | lr 4.64e-04 | 122383 tok/s | hard=71.1% soft=73.0% temp=7.3 sp=22.9472
  iter  34900 | train 3.0886 | val 3.1037 | lr 4.63e-04 | 122394 tok/s | hard=71.1% soft=73.0% temp=7.3 sp=22.9598
  iter  35000 | train 3.1003 | val 3.0935 | lr 4.62e-04 | 122409 tok/s | hard=71.1% soft=73.0% temp=7.3 sp=22.9517
  iter  35100 | train 3.0859 | val 3.0975 | lr 4.62e-04 | 122426 tok/s | hard=71.2% soft=73.1% temp=7.3 sp=22.9443
  iter  35200 | train 3.0836 | val 3.0939 | lr 4.61e-04 | 122437 tok/s | hard=71.2% soft=73.1% temp=7.3 sp=22.9386
  iter  35300 | train 3.0740 | val 3.0961 | lr 4.60e-04 | 122446 tok/s | hard=71.2% soft=73.0% temp=7.4 sp=22.9285
  iter  35400 | train 3.0952 | val 3.1194 | lr 4.59e-04 | 122462 tok/s | hard=71.1% soft=73.1% temp=7.4 sp=22.9418
  iter  35500 | train 3.0867 | val 3.0850 | lr 4.59e-04 | 122471 tok/s | hard=71.2% soft=73.2% temp=7.4 sp=22.9145
  iter  35600 | train 3.0772 | val 3.1044 | lr 4.58e-04 | 122471 tok/s | hard=71.2% soft=73.3% temp=7.4 sp=22.9168
  iter  35700 | train 3.0817 | val 3.1021 | lr 4.57e-04 | 122485 tok/s | hard=71.2% soft=73.2% temp=7.4 sp=22.9230
  iter  35800 | train 3.0917 | val 3.0988 | lr 4.56e-04 | 122499 tok/s | hard=71.2% soft=73.3% temp=7.4 sp=22.9245
  iter  35900 | train 3.0903 | val 3.0956 | lr 4.56e-04 | 122505 tok/s | hard=71.2% soft=73.3% temp=7.5 sp=22.9119
  iter  36000 | train 3.0863 | val 3.0988 | lr 4.55e-04 | 122520 tok/s | hard=71.2% soft=73.3% temp=7.5 sp=22.9161
  iter  36100 | train 3.0803 | val 3.0926 | lr 4.54e-04 | 122529 tok/s | hard=71.2% soft=73.2% temp=7.5 sp=22.8989
  iter  36200 | train 3.0809 | val 3.0777 | lr 4.53e-04 | 122541 tok/s | hard=71.2% soft=73.3% temp=7.5 sp=22.9012
  iter  36300 | train 3.0808 | val 3.0961 | lr 4.53e-04 | 122521 tok/s | hard=71.3% soft=73.4% temp=7.5 sp=22.8917
  iter  36400 | train 3.0794 | val 3.0946 | lr 4.52e-04 | 122533 tok/s | hard=71.3% soft=73.5% temp=7.6 sp=22.8781
  iter  36500 | train 3.0806 | val 3.0773 | lr 4.51e-04 | 122529 tok/s | hard=71.2% soft=73.4% temp=7.6 sp=22.8764
  iter  36600 | train 3.0658 | val 3.1086 | lr 4.50e-04 | 122523 tok/s | hard=71.3% soft=73.5% temp=7.6 sp=22.8915
  iter  36700 | train 3.0796 | val 3.0984 | lr 4.49e-04 | 122524 tok/s | hard=71.3% soft=73.5% temp=7.6 sp=22.8690
  iter  36800 | train 3.0837 | val 3.0963 | lr 4.49e-04 | 122528 tok/s | hard=71.3% soft=73.5% temp=7.6 sp=22.8793
  iter  36900 | train 3.0887 | val 3.0843 | lr 4.48e-04 | 122530 tok/s | hard=71.3% soft=73.6% temp=7.6 sp=22.8801
  iter  37000 | train 3.0872 | val 3.0901 | lr 4.47e-04 | 122535 tok/s | hard=71.3% soft=73.5% temp=7.7 sp=22.8638
  iter  37100 | train 3.0828 | val 3.0878 | lr 4.46e-04 | 122527 tok/s | hard=71.3% soft=73.5% temp=7.7 sp=22.8420
  iter  37200 | train 3.0769 | val 3.0885 | lr 4.46e-04 | 122525 tok/s | hard=71.3% soft=73.6% temp=7.7 sp=22.8583
  iter  37300 | train 3.0922 | val 3.0760 | lr 4.45e-04 | 122496 tok/s | hard=71.3% soft=73.6% temp=7.7 sp=22.8429
  iter  37400 | train 3.0772 | val 3.0887 | lr 4.44e-04 | 122470 tok/s | hard=71.3% soft=73.7% temp=7.7 sp=22.8441
  iter  37500 | train 3.0924 | val 3.0857 | lr 4.43e-04 | 122470 tok/s | hard=71.3% soft=73.6% temp=7.8 sp=22.8555
  iter  37600 | train 3.0700 | val 3.0697 | lr 4.42e-04 | 122481 tok/s | hard=71.3% soft=73.6% temp=7.8 sp=22.8553
  iter  37700 | train 3.0757 | val 3.0949 | lr 4.42e-04 | 122463 tok/s | hard=71.4% soft=73.8% temp=7.8 sp=22.8555
  iter  37800 | train 3.0829 | val 3.1049 | lr 4.41e-04 | 122443 tok/s | hard=71.3% soft=73.7% temp=7.8 sp=22.8405
  iter  37900 | train 3.0903 | val 3.0827 | lr 4.40e-04 | 122431 tok/s | hard=71.3% soft=73.7% temp=7.8 sp=22.8280
  iter  38000 | train 3.0783 | val 3.0691 | lr 4.39e-04 | 122430 tok/s | hard=71.4% soft=73.9% temp=7.8 sp=22.8315
  iter  38100 | train 3.0642 | val 3.0885 | lr 4.38e-04 | 122400 tok/s | hard=71.4% soft=73.8% temp=7.9 sp=22.8284
  iter  38200 | train 3.0777 | val 3.0825 | lr 4.38e-04 | 122386 tok/s | hard=71.4% soft=73.8% temp=7.9 sp=22.8320
  iter  38300 | train 3.0724 | val 3.0991 | lr 4.37e-04 | 122395 tok/s | hard=71.4% soft=73.9% temp=7.9 sp=22.8221
  iter  38400 | train 3.0756 | val 3.0795 | lr 4.36e-04 | 122402 tok/s | hard=71.4% soft=73.8% temp=7.9 sp=22.8259
  iter  38500 | train 3.0840 | val 3.0801 | lr 4.35e-04 | 122409 tok/s | hard=71.4% soft=73.9% temp=7.9 sp=22.8242
  iter  38600 | train 3.0754 | val 3.0810 | lr 4.35e-04 | 122417 tok/s | hard=71.4% soft=73.9% temp=7.9 sp=22.8186
  iter  38700 | train 3.0797 | val 3.0630 | lr 4.34e-04 | 122424 tok/s | hard=71.4% soft=73.8% temp=8.0 sp=22.8180
  iter  38800 | train 3.0797 | val 3.0891 | lr 4.33e-04 | 122429 tok/s | hard=71.4% soft=73.9% temp=8.0 sp=22.8229
  iter  38900 | train 3.0622 | val 3.0913 | lr 4.32e-04 | 122438 tok/s | hard=71.4% soft=73.9% temp=8.0 sp=22.8078
  iter  39000 | train 3.0891 | val 3.0743 | lr 4.31e-04 | 122449 tok/s | hard=71.4% soft=74.1% temp=8.0 sp=22.7974
  iter  39100 | train 3.0796 | val 3.0717 | lr 4.31e-04 | 122456 tok/s | hard=71.4% soft=73.9% temp=8.0 sp=22.8152
  iter  39200 | train 3.0605 | val 3.0816 | lr 4.30e-04 | 122457 tok/s | hard=71.4% soft=74.1% temp=8.1 sp=22.8035
  iter  39300 | train 3.0816 | val 3.0733 | lr 4.29e-04 | 122458 tok/s | hard=71.4% soft=74.1% temp=8.1 sp=22.8203
  iter  39400 | train 3.0815 | val 3.0787 | lr 4.28e-04 | 122461 tok/s | hard=71.4% soft=74.0% temp=8.1 sp=22.8033
  iter  39500 | train 3.0651 | val 3.0714 | lr 4.27e-04 | 122465 tok/s | hard=71.4% soft=74.1% temp=8.1 sp=22.8184
  iter  39600 | train 3.0682 | val 3.0878 | lr 4.26e-04 | 122468 tok/s | hard=71.4% soft=74.1% temp=8.1 sp=22.7867
  iter  39700 | train 3.0730 | val 3.0866 | lr 4.26e-04 | 122475 tok/s | hard=71.4% soft=74.2% temp=8.1 sp=22.7908
  iter  39800 | train 3.0699 | val 3.0830 | lr 4.25e-04 | 122482 tok/s | hard=71.5% soft=74.2% temp=8.2 sp=22.7873
  iter  39900 | train 3.0851 | val 3.0758 | lr 4.24e-04 | 122488 tok/s | hard=71.4% soft=74.2% temp=8.2 sp=22.7853
  iter  40000 | train 3.0802 | val 3.0748 | lr 4.23e-04 | 122492 tok/s | hard=71.5% soft=74.3% temp=8.2 sp=22.7789
  iter  40100 | train 3.0846 | val 3.0796 | lr 4.22e-04 | 122465 tok/s | hard=71.5% soft=74.3% temp=8.2 sp=22.7896
  iter  40200 | train 3.0735 | val 3.0897 | lr 4.22e-04 | 122470 tok/s | hard=71.5% soft=74.2% temp=8.2 sp=22.7778
  iter  40300 | train 3.0662 | val 3.0896 | lr 4.21e-04 | 122477 tok/s | hard=71.5% soft=74.3% temp=8.3 sp=22.7952
  iter  40400 | train 3.0751 | val 3.0857 | lr 4.20e-04 | 122473 tok/s | hard=71.5% soft=74.3% temp=8.3 sp=22.7898
  iter  40500 | train 3.0590 | val 3.0764 | lr 4.19e-04 | 122473 tok/s | hard=71.5% soft=74.3% temp=8.3 sp=22.7749
  iter  40600 | train 3.0676 | val 3.0777 | lr 4.18e-04 | 122474 tok/s | hard=71.5% soft=74.3% temp=8.3 sp=22.7636
  iter  40700 | train 3.0820 | val 3.0841 | lr 4.18e-04 | 122477 tok/s | hard=71.5% soft=74.4% temp=8.3 sp=22.7732
  iter  40800 | train 3.0624 | val 3.0834 | lr 4.17e-04 | 122477 tok/s | hard=71.5% soft=74.4% temp=8.3 sp=22.7604
  iter  40900 | train 3.0801 | val 3.0806 | lr 4.16e-04 | 122481 tok/s | hard=71.5% soft=74.4% temp=8.4 sp=22.7730
  iter  41000 | train 3.0627 | val 3.0779 | lr 4.15e-04 | 122484 tok/s | hard=71.5% soft=74.4% temp=8.4 sp=22.7686
  iter  41100 | train 3.0735 | val 3.0857 | lr 4.14e-04 | 122487 tok/s | hard=71.5% soft=74.5% temp=8.4 sp=22.7722
  iter  41200 | train 3.0798 | val 3.0735 | lr 4.13e-04 | 122488 tok/s | hard=71.5% soft=74.5% temp=8.4 sp=22.7814
  iter  41300 | train 3.0584 | val 3.0866 | lr 4.13e-04 | 122493 tok/s | hard=71.5% soft=74.4% temp=8.4 sp=22.7565
  iter  41400 | train 3.0754 | val 3.0830 | lr 4.12e-04 | 122496 tok/s | hard=71.5% soft=74.6% temp=8.5 sp=22.7509
  iter  41500 | train 3.0698 | val 3.0785 | lr 4.11e-04 | 122499 tok/s | hard=71.5% soft=74.6% temp=8.5 sp=22.7638
  iter  41600 | train 3.0658 | val 3.0848 | lr 4.10e-04 | 122501 tok/s | hard=71.5% soft=74.6% temp=8.5 sp=22.7698
  iter  41700 | train 3.0642 | val 3.0670 | lr 4.09e-04 | 122502 tok/s | hard=71.6% soft=74.7% temp=8.5 sp=22.7592
  iter  41800 | train 3.0747 | val 3.0668 | lr 4.08e-04 | 122506 tok/s | hard=71.5% soft=74.6% temp=8.5 sp=22.7577
  iter  41900 | train 3.0626 | val 3.0643 | lr 4.08e-04 | 122506 tok/s | hard=71.6% soft=74.7% temp=8.5 sp=22.7448
  iter  42000 | train 3.0852 | val 3.0875 | lr 4.07e-04 | 122507 tok/s | hard=71.5% soft=74.6% temp=8.6 sp=22.7421
  iter  42100 | train 3.0685 | val 3.0813 | lr 4.06e-04 | 122511 tok/s | hard=71.6% soft=74.7% temp=8.6 sp=22.7657
  iter  42200 | train 3.0696 | val 3.0888 | lr 4.05e-04 | 122510 tok/s | hard=71.6% soft=74.7% temp=8.6 sp=22.7540
  iter  42300 | train 3.0648 | val 3.0663 | lr 4.04e-04 | 122513 tok/s | hard=71.6% soft=74.7% temp=8.6 sp=22.7598
  iter  42400 | train 3.0707 | val 3.0719 | lr 4.03e-04 | 122516 tok/s | hard=71.5% soft=74.6% temp=8.6 sp=22.7573
  iter  42500 | train 3.0670 | val 3.0709 | lr 4.03e-04 | 122516 tok/s | hard=71.6% soft=74.7% temp=8.6 sp=22.7707
  iter  42600 | train 3.0695 | val 3.0813 | lr 4.02e-04 | 122517 tok/s | hard=71.6% soft=74.8% temp=8.7 sp=22.7637
  iter  42700 | train 3.0730 | val 3.0661 | lr 4.01e-04 | 122516 tok/s | hard=71.6% soft=74.8% temp=8.7 sp=22.7588
  iter  42800 | train 3.0709 | val 3.0678 | lr 4.00e-04 | 122519 tok/s | hard=71.6% soft=74.9% temp=8.7 sp=22.7787
  iter  42900 | train 3.0688 | val 3.0717 | lr 3.99e-04 | 122522 tok/s | hard=71.6% soft=74.8% temp=8.7 sp=22.7974
  iter  43000 | train 3.0787 | val 3.0696 | lr 3.98e-04 | 122523 tok/s | hard=71.6% soft=74.8% temp=8.7 sp=22.7535
  iter  43100 | train 3.0675 | val 3.0792 | lr 3.98e-04 | 122526 tok/s | hard=71.6% soft=74.9% temp=8.8 sp=22.7564
  iter  43200 | train 3.0699 | val 3.0849 | lr 3.97e-04 | 122526 tok/s | hard=71.6% soft=74.8% temp=8.8 sp=22.7635
  iter  43300 | train 3.0770 | val 3.0602 | lr 3.96e-04 | 122529 tok/s | hard=71.6% soft=74.9% temp=8.8 sp=22.7560
  iter  43400 | train 3.0719 | val 3.0691 | lr 3.95e-04 | 122526 tok/s | hard=71.6% soft=74.9% temp=8.8 sp=22.7618
  iter  43500 | train 3.0672 | val 3.0811 | lr 3.94e-04 | 122528 tok/s | hard=71.6% soft=75.0% temp=8.8 sp=22.7452
  iter  43600 | train 3.0665 | val 3.0871 | lr 3.93e-04 | 122529 tok/s | hard=71.6% soft=75.0% temp=8.8 sp=22.7593
  iter  43700 | train 3.0665 | val 3.0764 | lr 3.93e-04 | 122531 tok/s | hard=71.6% soft=75.0% temp=8.9 sp=22.7558
  iter  43800 | train 3.0493 | val 3.0662 | lr 3.92e-04 | 122533 tok/s | hard=71.6% soft=75.0% temp=8.9 sp=22.7738
  iter  43900 | train 3.0608 | val 3.0542 | lr 3.91e-04 | 122536 tok/s | hard=71.6% soft=75.0% temp=8.9 sp=22.7652
  iter  44000 | train 3.0696 | val 3.0739 | lr 3.90e-04 | 122530 tok/s | hard=71.6% soft=75.0% temp=8.9 sp=22.7608
  iter  44100 | train 3.0587 | val 3.0669 | lr 3.89e-04 | 122528 tok/s | hard=71.6% soft=75.0% temp=8.9 sp=22.7508
  iter  44200 | train 3.0549 | val 3.0657 | lr 3.88e-04 | 122528 tok/s | hard=71.6% soft=75.1% temp=9.0 sp=22.7542
  iter  44300 | train 3.0513 | val 3.0551 | lr 3.88e-04 | 122529 tok/s | hard=71.6% soft=75.2% temp=9.0 sp=22.7457
  iter  44400 | train 3.0702 | val 3.0872 | lr 3.87e-04 | 122528 tok/s | hard=71.6% soft=75.1% temp=9.0 sp=22.7404
  iter  44500 | train 3.0540 | val 3.0691 | lr 3.86e-04 | 122527 tok/s | hard=71.6% soft=75.2% temp=9.0 sp=22.7442
  iter  44600 | train 3.0640 | val 3.0619 | lr 3.85e-04 | 122526 tok/s | hard=71.6% soft=75.1% temp=9.0 sp=22.7400
  iter  44700 | train 3.0449 | val 3.0766 | lr 3.84e-04 | 122525 tok/s | hard=71.6% soft=75.1% temp=9.0 sp=22.7244
  iter  44800 | train 3.0558 | val 3.0739 | lr 3.83e-04 | 122525 tok/s | hard=71.6% soft=75.1% temp=9.1 sp=22.7343
  iter  44900 | train 3.0627 | val 3.0868 | lr 3.82e-04 | 122526 tok/s | hard=71.6% soft=75.2% temp=9.1 sp=22.7213
  iter  45000 | train 3.0519 | val 3.0666 | lr 3.82e-04 | 122523 tok/s | hard=71.7% soft=75.2% temp=9.1 sp=22.7201
  iter  45100 | train 3.0603 | val 3.0633 | lr 3.81e-04 | 122522 tok/s | hard=71.6% soft=75.2% temp=9.1 sp=22.7168
  iter  45200 | train 3.0477 | val 3.0731 | lr 3.80e-04 | 122524 tok/s | hard=71.7% soft=75.3% temp=9.1 sp=22.7109
  iter  45300 | train 3.0551 | val 3.0628 | lr 3.79e-04 | 122523 tok/s | hard=71.6% soft=75.2% temp=9.2 sp=22.7075
  iter  45400 | train 3.0551 | val 3.0712 | lr 3.78e-04 | 122523 tok/s | hard=71.7% soft=75.3% temp=9.2 sp=22.7133
  iter  45500 | train 3.0519 | val 3.0647 | lr 3.77e-04 | 122524 tok/s | hard=71.6% soft=75.3% temp=9.2 sp=22.7068
  iter  45600 | train 3.0634 | val 3.0678 | lr 3.77e-04 | 122524 tok/s | hard=71.7% soft=75.3% temp=9.2 sp=22.6977
  iter  45700 | train 3.0479 | val 3.0666 | lr 3.76e-04 | 122525 tok/s | hard=71.7% soft=75.4% temp=9.2 sp=22.7022
  iter  45800 | train 3.0537 | val 3.0753 | lr 3.75e-04 | 122526 tok/s | hard=71.7% soft=75.4% temp=9.2 sp=22.7097
  iter  45900 | train 3.0635 | val 3.0792 | lr 3.74e-04 | 122527 tok/s | hard=71.6% soft=75.3% temp=9.3 sp=22.6932
  iter  46000 | train 3.0623 | val 3.0587 | lr 3.73e-04 | 122529 tok/s | hard=71.7% soft=75.4% temp=9.3 sp=22.6969
  iter  46100 | train 3.0496 | val 3.0681 | lr 3.72e-04 | 122528 tok/s | hard=71.7% soft=75.5% temp=9.3 sp=22.6987
  iter  46200 | train 3.0671 | val 3.0537 | lr 3.71e-04 | 122530 tok/s | hard=71.7% soft=75.4% temp=9.3 sp=22.6917
  iter  46300 | train 3.0558 | val 3.0553 | lr 3.71e-04 | 122526 tok/s | hard=71.7% soft=75.5% temp=9.3 sp=22.6703
  iter  46400 | train 3.0455 | val 3.0704 | lr 3.70e-04 | 122527 tok/s | hard=71.6% soft=75.4% temp=9.4 sp=22.6738
  iter  46500 | train 3.0584 | val 3.0708 | lr 3.69e-04 | 122530 tok/s | hard=71.7% soft=75.5% temp=9.4 sp=22.6888
  iter  46600 | train 3.0428 | val 3.0652 | lr 3.68e-04 | 122530 tok/s | hard=71.6% soft=75.5% temp=9.4 sp=22.6719
  iter  46700 | train 3.0548 | val 3.0697 | lr 3.67e-04 | 122531 tok/s | hard=71.7% soft=75.6% temp=9.4 sp=22.6645
  iter  46800 | train 3.0693 | val 3.0624 | lr 3.66e-04 | 122533 tok/s | hard=71.7% soft=75.5% temp=9.4 sp=22.6732
  iter  46900 | train 3.0539 | val 3.0756 | lr 3.65e-04 | 122534 tok/s | hard=71.6% soft=75.5% temp=9.4 sp=22.6700
  iter  47000 | train 3.0543 | val 3.0687 | lr 3.65e-04 | 122534 tok/s | hard=71.6% soft=75.6% temp=9.5 sp=22.6648
  iter  47100 | train 3.0560 | val 3.0662 | lr 3.64e-04 | 122534 tok/s | hard=71.7% soft=75.6% temp=9.5 sp=22.6551
  iter  47200 | train 3.0648 | val 3.0563 | lr 3.63e-04 | 122537 tok/s | hard=71.6% soft=75.5% temp=9.5 sp=22.6417
  iter  47300 | train 3.0531 | val 3.0553 | lr 3.62e-04 | 122540 tok/s | hard=71.7% soft=75.6% temp=9.5 sp=22.6585
  iter  47400 | train 3.0421 | val 3.0474 | lr 3.61e-04 | 122541 tok/s | hard=71.7% soft=75.6% temp=9.5 sp=22.6520
  iter  47500 | train 3.0661 | val 3.0775 | lr 3.60e-04 | 122538 tok/s | hard=71.6% soft=75.6% temp=9.6 sp=22.6448
  iter  47600 | train 3.0429 | val 3.0768 | lr 3.59e-04 | 122541 tok/s | hard=71.7% soft=75.7% temp=9.6 sp=22.6570
  iter  47700 | train 3.0532 | val 3.0450 | lr 3.59e-04 | 122544 tok/s | hard=71.7% soft=75.7% temp=9.6 sp=22.6486
  iter  47800 | train 3.0530 | val 3.0616 | lr 3.58e-04 | 122541 tok/s | hard=71.7% soft=75.6% temp=9.6 sp=22.6405
  iter  47900 | train 3.0485 | val 3.0583 | lr 3.57e-04 | 122544 tok/s | hard=71.7% soft=75.7% temp=9.6 sp=22.6535
  iter  48000 | train 3.0573 | val 3.0534 | lr 3.56e-04 | 122547 tok/s | hard=71.6% soft=75.6% temp=9.6 sp=22.6477
  iter  48100 | train 3.0572 | val 3.0757 | lr 3.55e-04 | 122550 tok/s | hard=71.7% soft=75.7% temp=9.7 sp=22.6335
  iter  48200 | train 3.0436 | val 3.0643 | lr 3.54e-04 | 122553 tok/s | hard=71.6% soft=75.8% temp=9.7 sp=22.6467
  iter  48300 | train 3.0486 | val 3.0772 | lr 3.53e-04 | 122556 tok/s | hard=71.7% soft=75.7% temp=9.7 sp=22.6234
  iter  48400 | train 3.0453 | val 3.0626 | lr 3.52e-04 | 122558 tok/s | hard=71.7% soft=75.8% temp=9.7 sp=22.6295
  iter  48500 | train 3.0489 | val 3.0674 | lr 3.52e-04 | 122562 tok/s | hard=71.7% soft=75.8% temp=9.7 sp=22.6301
  iter  48600 | train 3.0567 | val 3.0697 | lr 3.51e-04 | 122565 tok/s | hard=71.7% soft=75.8% temp=9.7 sp=22.6296
  iter  48700 | train 3.0419 | val 3.0599 | lr 3.50e-04 | 122568 tok/s | hard=71.7% soft=75.7% temp=9.8 sp=22.6190
  iter  48800 | train 3.0480 | val 3.0746 | lr 3.49e-04 | 122569 tok/s | hard=71.7% soft=75.8% temp=9.8 sp=22.6170
  iter  48900 | train 3.0422 | val 3.0590 | lr 3.48e-04 | 122570 tok/s | hard=71.7% soft=75.7% temp=9.8 sp=22.6259
  iter  49000 | train 3.0409 | val 3.0615 | lr 3.47e-04 | 122573 tok/s | hard=71.7% soft=76.0% temp=9.8 sp=22.6245
  iter  49100 | train 3.0524 | val 3.0634 | lr 3.46e-04 | 122575 tok/s | hard=71.7% soft=75.9% temp=9.8 sp=22.6158
  iter  49200 | train 3.0379 | val 3.0559 | lr 3.46e-04 | 122578 tok/s | hard=71.7% soft=75.8% temp=9.9 sp=22.6088
  iter  49300 | train 3.0511 | val 3.0502 | lr 3.45e-04 | 122581 tok/s | hard=71.7% soft=75.9% temp=9.9 sp=22.6084
  iter  49400 | train 3.0545 | val 3.0555 | lr 3.44e-04 | 122584 tok/s | hard=71.7% soft=75.8% temp=9.9 sp=22.6123
  iter  49500 | train 3.0467 | val 3.0406 | lr 3.43e-04 | 122584 tok/s | hard=71.7% soft=75.9% temp=9.9 sp=22.5981
  iter  49600 | train 3.0623 | val 3.0426 | lr 3.42e-04 | 122582 tok/s | hard=71.7% soft=76.0% temp=9.9 sp=22.5872
  iter  49700 | train 3.0465 | val 3.0507 | lr 3.41e-04 | 122584 tok/s | hard=71.7% soft=75.9% temp=9.9 sp=22.5896
  iter  49800 | train 3.0470 | val 3.0643 | lr 3.40e-04 | 122586 tok/s | hard=71.7% soft=75.9% temp=10.0 sp=22.6078
  iter  49900 | train 3.0510 | val 3.0545 | lr 3.40e-04 | 122587 tok/s | hard=71.7% soft=75.9% temp=10.0 sp=22.5774
  iter  50000 | train 3.0426 | val 3.0525 | lr 3.39e-04 | 122590 tok/s | hard=71.7% soft=76.0% temp=10.0 sp=22.5826
  iter  50100 | train 3.0545 | val 3.0483 | lr 3.38e-04 | 122593 tok/s | hard=71.7% soft=75.9% temp=10.0 sp=22.5804
  iter  50200 | train 3.0488 | val 3.0411 | lr 3.37e-04 | 122596 tok/s | hard=71.7% soft=75.9% temp=10.0 sp=22.5842
  iter  50300 | train 3.0474 | val 3.0553 | lr 3.36e-04 | 122599 tok/s | hard=71.7% soft=76.0% temp=10.0 sp=22.5821
  iter  50400 | train 3.0441 | val 3.0505 | lr 3.35e-04 | 122601 tok/s | hard=71.7% soft=76.0% temp=10.0 sp=22.5843
  iter  50500 | train 3.0422 | val 3.0538 | lr 3.34e-04 | 122600 tok/s | hard=71.7% soft=76.1% temp=10.0 sp=22.5823
  iter  50600 | train 3.0401 | val 3.0455 | lr 3.33e-04 | 122600 tok/s | hard=71.7% soft=76.0% temp=10.0 sp=22.5844
  iter  50700 | train 3.0444 | val 3.0528 | lr 3.33e-04 | 122598 tok/s | hard=71.7% soft=76.0% temp=10.0 sp=22.5891
  iter  50800 | train 3.0407 | val 3.0460 | lr 3.32e-04 | 122597 tok/s | hard=71.7% soft=76.1% temp=10.0 sp=22.5845
  iter  50900 | train 3.0332 | val 3.0527 | lr 3.31e-04 | 122598 tok/s | hard=71.7% soft=76.0% temp=10.0 sp=22.5932
  iter  51000 | train 3.0497 | val 3.0571 | lr 3.30e-04 | 122597 tok/s | hard=71.7% soft=76.1% temp=10.0 sp=22.6004
  iter  51100 | train 3.0386 | val 3.0441 | lr 3.29e-04 | 122598 tok/s | hard=71.7% soft=76.1% temp=10.0 sp=22.5950
  iter  51200 | train 3.0521 | val 3.0614 | lr 3.28e-04 | 122599 tok/s | hard=71.7% soft=76.2% temp=10.0 sp=22.5971
  iter  51300 | train 3.0431 | val 3.0568 | lr 3.27e-04 | 122599 tok/s | hard=71.7% soft=76.2% temp=10.0 sp=22.6036
  iter  51400 | train 3.0369 | val 3.0560 | lr 3.27e-04 | 122600 tok/s | hard=71.7% soft=76.2% temp=10.0 sp=22.6066
  iter  51500 | train 3.0448 | val 3.0642 | lr 3.26e-04 | 122599 tok/s | hard=71.7% soft=76.2% temp=10.0 sp=22.6149
  iter  51600 | train 3.0423 | val 3.0511 | lr 3.25e-04 | 122599 tok/s | hard=71.7% soft=76.2% temp=10.0 sp=22.6007
  iter  51700 | train 3.0328 | val 3.0682 | lr 3.24e-04 | 122599 tok/s | hard=71.7% soft=76.2% temp=10.0 sp=22.5993
  iter  51800 | train 3.0429 | val 3.0564 | lr 3.23e-04 | 122601 tok/s | hard=71.7% soft=76.2% temp=10.0 sp=22.6110
  iter  51900 | train 3.0352 | val 3.0558 | lr 3.22e-04 | 122601 tok/s | hard=71.7% soft=76.2% temp=10.0 sp=22.6160
  iter  52000 | train 3.0473 | val 3.0627 | lr 3.21e-04 | 122601 tok/s | hard=71.7% soft=76.3% temp=10.0 sp=22.6193
  iter  52100 | train 3.0513 | val 3.0522 | lr 3.20e-04 | 122598 tok/s | hard=71.7% soft=76.2% temp=10.0 sp=22.6058
  iter  52200 | train 3.0459 | val 3.0479 | lr 3.20e-04 | 122597 tok/s | hard=71.7% soft=76.3% temp=10.0 sp=22.6243
  iter  52300 | train 3.0510 | val 3.0636 | lr 3.19e-04 | 122596 tok/s | hard=71.7% soft=76.3% temp=10.0 sp=22.6292
  iter  52400 | train 3.0451 | val 3.0567 | lr 3.18e-04 | 122595 tok/s | hard=71.7% soft=76.3% temp=10.0 sp=22.6323
  iter  52500 | train 3.0511 | val 3.0450 | lr 3.17e-04 | 122594 tok/s | hard=71.7% soft=76.2% temp=10.0 sp=22.6286
  iter  52600 | train 3.0388 | val 3.0746 | lr 3.16e-04 | 122593 tok/s | hard=71.7% soft=76.2% temp=10.0 sp=22.6347
  iter  52700 | train 3.0335 | val 3.0695 | lr 3.15e-04 | 122593 tok/s | hard=71.7% soft=76.3% temp=10.0 sp=22.6281
